2024-06-13T00:43:39.889+02:00 | INFO | main | org.springframework.data.repository.config.RepositoryConfigurationDelegate | Bootstrapping Spring Data JPA repositories in DEFAULT mode.
2024-06-13T00:43:39.940+02:00 | INFO | main | org.springframework.data.repository.config.RepositoryConfigurationDelegate | Finished Spring Data repository scanning in 43 ms. Found 5 JPA repository interfaces.
2024-06-13T00:43:40.126+02:00 | INFO | main | org.springframework.context.support.PostProcessorRegistrationDelegate$BeanPostProcessorChecker | Bean 'org.springframework.security.access.expression.method.DefaultMethodSecurityExpressionHandler@228bda54' of type [org.springframework.security.access.expression.method.DefaultMethodSecurityExpressionHandler] is not eligible for getting processed by all BeanPostProcessors (for example: not eligible for auto-proxying)
2024-06-13T00:43:40.133+02:00 | INFO | main | org.springframework.context.support.PostProcessorRegistrationDelegate$BeanPostProcessorChecker | Bean 'methodSecurityMetadataSource' of type [org.springframework.security.access.method.DelegatingMethodSecurityMetadataSource] is not eligible for getting processed by all BeanPostProcessors (for example: not eligible for auto-proxying)
2024-06-13T00:43:40.292+02:00 | INFO | main | org.springframework.boot.web.embedded.tomcat.TomcatWebServer | Tomcat initialized with port(s): 443 (https)
2024-06-13T00:43:40.299+02:00 | INFO | main | org.apache.juli.logging.DirectJDKLog | Initializing ProtocolHandler ["https-jsse-nio-443"]
2024-06-13T00:43:40.300+02:00 | INFO | main | org.apache.juli.logging.DirectJDKLog | Starting service [Tomcat]
2024-06-13T00:43:40.300+02:00 | INFO | main | org.apache.juli.logging.DirectJDKLog | Starting Servlet engine: [Apache Tomcat/9.0.56]
2024-06-13T00:43:40.367+02:00 | INFO | main | org.apache.juli.logging.DirectJDKLog | Initializing Spring embedded WebApplicationContext
2024-06-13T00:43:40.367+02:00 | INFO | main | org.springframework.boot.web.servlet.context.ServletWebServerApplicationContext | Root WebApplicationContext: initialization completed in 1058 ms
2024-06-13T00:43:40.567+02:00 | INFO | main | org.hibernate.jpa.internal.util.LogHelper | HHH000204: Processing PersistenceUnitInfo [name: default]
2024-06-13T00:43:40.614+02:00 | INFO | main | org.hibernate.Version | HHH000412: Hibernate ORM core version 5.4.33
2024-06-13T00:43:40.698+02:00 | INFO | main | org.hibernate.annotations.common.reflection.java.JavaReflectionManager | HCANN000001: Hibernate Commons Annotations {5.1.2.Final}
2024-06-13T00:43:40.761+02:00 | INFO | main | com.zaxxer.hikari.HikariDataSource | HikariPool-1 - Starting...
2024-06-13T00:43:40.868+02:00 | INFO | main | com.zaxxer.hikari.HikariDataSource | HikariPool-1 - Start completed.
2024-06-13T00:43:40.889+02:00 | INFO | main | org.hibernate.dialect.Dialect | HHH000400: Using dialect: org.hibernate.dialect.PostgreSQL10Dialect
2024-06-13T00:43:41.425+02:00 | INFO | main | org.hibernate.engine.transaction.jta.platform.internal.JtaPlatformInitiator | HHH000490: Using JtaPlatform implementation: [org.hibernate.engine.transaction.jta.platform.internal.NoJtaPlatform]
2024-06-13T00:43:41.431+02:00 | INFO | main | org.springframework.orm.jpa.AbstractEntityManagerFactoryBean | Initialized JPA EntityManagerFactory for persistence unit 'default'
2024-06-13T00:43:41.868+02:00 | WARN | main | org.springframework.boot.autoconfigure.orm.jpa.JpaBaseConfiguration$JpaWebConfiguration | spring.jpa.open-in-view is enabled by default. Therefore, database queries may be performed during view rendering. Explicitly configure spring.jpa.open-in-view to disable this warning
2024-06-13T00:43:41.924+02:00 | DEBUG | main | org.springframework.web.servlet.handler.AbstractHandlerMethodMapping | 36 mappings in 'requestMappingHandlerMapping'
2024-06-13T00:43:41.975+02:00 | DEBUG | main | org.springframework.web.servlet.handler.SimpleUrlHandlerMapping | Patterns [/webjars/**, /**] in 'resourceHandlerMapping'
2024-06-13T00:43:42.061+02:00 | INFO | main | org.springframework.boot.actuate.endpoint.web.EndpointLinksResolver | Exposing 15 endpoint(s) beneath base path '/actuator'
2024-06-13T00:43:42.075+02:00 | INFO | main | org.springframework.security.web.DefaultSecurityFilterChain | Will secure any request with [org.springframework.security.web.context.request.async.WebAsyncManagerIntegrationFilter@7ffb0bb4, org.springframework.security.web.context.SecurityContextPersistenceFilter@6bfc5296, org.springframework.security.web.header.HeaderWriterFilter@96448ee, org.springframework.web.filter.CorsFilter@280f061e, org.springframework.security.web.authentication.logout.LogoutFilter@4b2af0eb, org.example.securityproject.auth.TokenAuthenticationFilter@7d7888a5, org.springframework.security.web.savedrequest.RequestCacheAwareFilter@457d3f54, org.springframework.security.web.servletapi.SecurityContextHolderAwareRequestFilter@1da61a29, org.springframework.security.web.authentication.AnonymousAuthenticationFilter@6dcdc378, org.springframework.security.web.session.SessionManagementFilter@1fe37d27, org.springframework.security.web.access.ExceptionTranslationFilter@6164b3a2, org.springframework.security.web.access.intercept.FilterSecurityInterceptor@20fdaf3e]
2024-06-13T00:43:42.078+02:00 | INFO | main | org.springframework.security.web.DefaultSecurityFilterChain | Will secure Ant [pattern='/actuator/**'] with []
2024-06-13T00:43:42.079+02:00 | INFO | main | org.springframework.security.web.DefaultSecurityFilterChain | Will secure Ant [pattern='/loki/**'] with []
2024-06-13T00:43:42.079+02:00 | INFO | main | org.springframework.security.web.DefaultSecurityFilterChain | Will secure Ant [pattern='/loki/api/v1/push', POST] with []
2024-06-13T00:43:42.079+02:00 | INFO | main | org.springframework.security.web.DefaultSecurityFilterChain | Will secure Ant [pattern='/favicon.ico', GET] with []
2024-06-13T00:43:42.079+02:00 | INFO | main | org.springframework.security.web.DefaultSecurityFilterChain | Will secure Ant [pattern='/api/auth/login', POST] with []
2024-06-13T00:43:42.079+02:00 | INFO | main | org.springframework.security.web.DefaultSecurityFilterChain | Will secure Ant [pattern='/api/users/registerUser', POST] with []
2024-06-13T00:43:42.079+02:00 | INFO | main | org.springframework.security.web.DefaultSecurityFilterChain | Will secure Ant [pattern='/api/users/confirm-account', GET] with []
2024-06-13T00:43:42.080+02:00 | INFO | main | org.springframework.security.web.DefaultSecurityFilterChain | Will secure Ant [pattern='/api/users/tryLogin', POST] with []
2024-06-13T00:43:42.080+02:00 | INFO | main | org.springframework.security.web.DefaultSecurityFilterChain | Will secure Ant [pattern='/api/users/updatePassword', PUT] with []
2024-06-13T00:43:42.080+02:00 | INFO | main | org.springframework.security.web.DefaultSecurityFilterChain | Will secure Ant [pattern='/api/users/editUserRole', POST] with []
2024-06-13T00:43:42.080+02:00 | INFO | main | org.springframework.security.web.DefaultSecurityFilterChain | Will secure Ant [pattern='/api/users/editUserPermission', POST] with []
2024-06-13T00:43:42.080+02:00 | INFO | main | org.springframework.security.web.DefaultSecurityFilterChain | Will secure Ant [pattern='/api/login/send-email', POST] with []
2024-06-13T00:43:42.080+02:00 | INFO | main | org.springframework.security.web.DefaultSecurityFilterChain | Will secure Ant [pattern='/api/login/verify', GET] with []
2024-06-13T00:43:42.080+02:00 | INFO | main | org.springframework.security.web.DefaultSecurityFilterChain | Will secure Ant [pattern='/api/login/tokens/**', GET] with []
2024-06-13T00:43:42.080+02:00 | INFO | main | org.springframework.security.web.DefaultSecurityFilterChain | Will secure Ant [pattern='/', GET] with []
2024-06-13T00:43:42.080+02:00 | INFO | main | org.springframework.security.web.DefaultSecurityFilterChain | Will secure Ant [pattern='/webjars/**', GET] with []
2024-06-13T00:43:42.080+02:00 | INFO | main | org.springframework.security.web.DefaultSecurityFilterChain | Will secure Ant [pattern='/*.html', GET] with []
2024-06-13T00:43:42.081+02:00 | INFO | main | org.springframework.security.web.DefaultSecurityFilterChain | Will secure Ant [pattern='favicon.ico', GET] with []
2024-06-13T00:43:42.081+02:00 | INFO | main | org.springframework.security.web.DefaultSecurityFilterChain | Will secure Ant [pattern='/**/*.html', GET] with []
2024-06-13T00:43:42.081+02:00 | INFO | main | org.springframework.security.web.DefaultSecurityFilterChain | Will secure Ant [pattern='/**/*.css', GET] with []
2024-06-13T00:43:42.081+02:00 | INFO | main | org.springframework.security.web.DefaultSecurityFilterChain | Will secure Ant [pattern='/**/*.js', GET] with []
2024-06-13T00:43:42.124+02:00 | DEBUG | main | org.springframework.web.servlet.mvc.method.annotation.RequestMappingHandlerAdapter | ControllerAdvice beans: 0 @ModelAttribute, 0 @InitBinder, 1 RequestBodyAdvice, 1 ResponseBodyAdvice
2024-06-13T00:43:42.149+02:00 | DEBUG | main | org.springframework.web.servlet.mvc.method.annotation.ExceptionHandlerExceptionResolver | ControllerAdvice beans: 0 @ExceptionHandler, 1 ResponseBodyAdvice
2024-06-13T00:43:42.258+02:00 | INFO | main | org.apache.juli.logging.DirectJDKLog | Starting ProtocolHandler ["https-jsse-nio-443"]
2024-06-13T00:43:42.350+02:00 | INFO | main | org.springframework.boot.web.embedded.tomcat.TomcatWebServer | Tomcat started on port(s): 443 (https) with context path ''
2024-06-13T00:44:06.600+02:00 | INFO | https-jsse-nio-443-exec-5 | org.apache.juli.logging.DirectJDKLog | Initializing Spring DispatcherServlet 'dispatcherServlet'
2024-06-13T00:44:06.600+02:00 | INFO | https-jsse-nio-443-exec-5 | org.springframework.web.servlet.FrameworkServlet | Initializing Servlet 'dispatcherServlet'
2024-06-13T00:44:06.600+02:00 | DEBUG | https-jsse-nio-443-exec-5 | org.springframework.web.servlet.DispatcherServlet | Detected StandardServletMultipartResolver
2024-06-13T00:44:06.600+02:00 | DEBUG | https-jsse-nio-443-exec-5 | org.springframework.web.servlet.DispatcherServlet | Detected AcceptHeaderLocaleResolver
2024-06-13T00:44:06.600+02:00 | DEBUG | https-jsse-nio-443-exec-5 | org.springframework.web.servlet.DispatcherServlet | Detected FixedThemeResolver
2024-06-13T00:44:06.601+02:00 | DEBUG | https-jsse-nio-443-exec-5 | org.springframework.web.servlet.DispatcherServlet | Detected org.springframework.web.servlet.view.DefaultRequestToViewNameTranslator@15e748b5
2024-06-13T00:44:06.602+02:00 | DEBUG | https-jsse-nio-443-exec-5 | org.springframework.web.servlet.DispatcherServlet | Detected org.springframework.web.servlet.support.SessionFlashMapManager@219ec4b6
2024-06-13T00:44:06.602+02:00 | DEBUG | https-jsse-nio-443-exec-5 | org.springframework.web.servlet.FrameworkServlet | enableLoggingRequestDetails='false': request parameters and headers will be masked to prevent unsafe logging of potentially sensitive data
2024-06-13T00:44:06.602+02:00 | INFO | https-jsse-nio-443-exec-5 | org.springframework.web.servlet.FrameworkServlet | Completed initialization in 2 ms
2024-06-13T00:44:06.622+02:00 | DEBUG | https-jsse-nio-443-exec-5 | org.springframework.web.servlet.handler.AbstractHandlerMapping | Mapped to org.example.securityproject.controller.UserController#loginUser(UserLoginData)
2024-06-13T00:44:06.648+02:00 | DEBUG | https-jsse-nio-443-exec-6 | org.springframework.core.log.LogFormatUtils | POST "/api/users/tryLogin", parameters={}
2024-06-13T00:44:06.649+02:00 | DEBUG | https-jsse-nio-443-exec-6 | org.springframework.web.servlet.handler.AbstractHandlerMapping | Mapped to org.example.securityproject.controller.UserController#loginUser(UserLoginData)
2024-06-13T00:44:06.743+02:00 | DEBUG | https-jsse-nio-443-exec-6 | org.springframework.core.log.LogFormatUtils | Read "application/json;charset=UTF-8" to [org.example.securityproject.dto.UserLoginData@6006b0b]
2024-06-13T00:44:06.963+02:00 | DEBUG | https-jsse-nio-443-exec-6 | org.springframework.web.servlet.mvc.method.annotation.AbstractMessageConverterMethodProcessor | Using 'application/json', given [application/json, text/plain, */*] and supported [application/json, application/*+json, application/json, application/*+json]
2024-06-13T00:44:06.964+02:00 | DEBUG | https-jsse-nio-443-exec-6 | org.springframework.core.log.LogFormatUtils | Writing [org.example.securityproject.dto.LoginReponseDto@71a832fe]
2024-06-13T00:44:06.973+02:00 | DEBUG | https-jsse-nio-443-exec-6 | org.springframework.web.servlet.FrameworkServlet | Completed 200 OK
2024-06-13T00:44:06.980+02:00 | DEBUG | https-jsse-nio-443-exec-7 | org.springframework.web.servlet.handler.AbstractHandlerMapping | Mapped to org.example.securityproject.controller.AuthenticationController#createAuthenticationToken(JwtAuthenticationRequest, HttpServletResponse)
2024-06-13T00:44:06.985+02:00 | DEBUG | https-jsse-nio-443-exec-8 | org.springframework.core.log.LogFormatUtils | POST "/api/auth/login", parameters={}
2024-06-13T00:44:06.985+02:00 | DEBUG | https-jsse-nio-443-exec-8 | org.springframework.web.servlet.handler.AbstractHandlerMapping | Mapped to org.example.securityproject.controller.AuthenticationController#createAuthenticationToken(JwtAuthenticationRequest, HttpServletResponse)
2024-06-13T00:44:06.991+02:00 | DEBUG | https-jsse-nio-443-exec-8 | org.springframework.core.log.LogFormatUtils | Read "application/json;charset=UTF-8" to [org.example.securityproject.dto.JwtAuthenticationRequest@1fec8d78]
2024-06-13T00:44:06.997+02:00 | ERROR | https-jsse-nio-443-exec-8 | org.example.securityproject.controller.AuthenticationController | Authentication failed for user: anaa.radovanovic2001@gmail.com
2024-06-13T00:44:06.997+02:00 | ERROR | https-jsse-nio-443-exec-8 | org.example.securityproject.controller.AuthenticationController | Authentication failed for user: anaa.radovanovic2001@gmail.com
2024-06-13T00:44:07.001+02:00 | DEBUG | https-jsse-nio-443-exec-8 | org.springframework.web.servlet.mvc.method.annotation.AbstractMessageConverterMethodProcessor | Using 'application/json', given [application/json] and supported [application/json]
2024-06-13T00:44:07.004+02:00 | DEBUG | https-jsse-nio-443-exec-8 | org.springframework.web.servlet.mvc.method.annotation.AbstractMessageConverterMethodProcessor | Nothing to write: null body
2024-06-13T00:44:07.006+02:00 | DEBUG | https-jsse-nio-443-exec-8 | org.springframework.web.servlet.FrameworkServlet | Completed 401 UNAUTHORIZED
2024-06-13T00:44:48.829+02:00 | INFO | SpringApplicationShutdownHook | org.springframework.orm.jpa.AbstractEntityManagerFactoryBean | Closing JPA EntityManagerFactory for persistence unit 'default'
2024-06-13T00:44:48.830+02:00 | INFO | SpringApplicationShutdownHook | com.zaxxer.hikari.HikariDataSource | HikariPool-1 - Shutdown initiated...
2024-06-13T00:44:48.832+02:00 | INFO | SpringApplicationShutdownHook | com.zaxxer.hikari.HikariDataSource | HikariPool-1 - Shutdown completed.
2024-06-13T00:45:29.362+02:00 | INFO | main | org.springframework.data.repository.config.RepositoryConfigurationDelegate | Bootstrapping Spring Data JPA repositories in DEFAULT mode.
2024-06-13T00:45:29.421+02:00 | INFO | main | org.springframework.data.repository.config.RepositoryConfigurationDelegate | Finished Spring Data repository scanning in 49 ms. Found 5 JPA repository interfaces.
2024-06-13T00:45:29.647+02:00 | INFO | main | org.springframework.context.support.PostProcessorRegistrationDelegate$BeanPostProcessorChecker | Bean 'org.springframework.security.access.expression.method.DefaultMethodSecurityExpressionHandler@32f96bba' of type [org.springframework.security.access.expression.method.DefaultMethodSecurityExpressionHandler] is not eligible for getting processed by all BeanPostProcessors (for example: not eligible for auto-proxying)
2024-06-13T00:45:29.657+02:00 | INFO | main | org.springframework.context.support.PostProcessorRegistrationDelegate$BeanPostProcessorChecker | Bean 'methodSecurityMetadataSource' of type [org.springframework.security.access.method.DelegatingMethodSecurityMetadataSource] is not eligible for getting processed by all BeanPostProcessors (for example: not eligible for auto-proxying)
2024-06-13T00:45:29.842+02:00 | INFO | main | org.springframework.boot.web.embedded.tomcat.TomcatWebServer | Tomcat initialized with port(s): 443 (https)
2024-06-13T00:45:29.850+02:00 | INFO | main | org.apache.juli.logging.DirectJDKLog | Initializing ProtocolHandler ["https-jsse-nio-443"]
2024-06-13T00:45:29.850+02:00 | INFO | main | org.apache.juli.logging.DirectJDKLog | Starting service [Tomcat]
2024-06-13T00:45:29.851+02:00 | INFO | main | org.apache.juli.logging.DirectJDKLog | Starting Servlet engine: [Apache Tomcat/9.0.56]
2024-06-13T00:45:29.921+02:00 | INFO | main | org.apache.juli.logging.DirectJDKLog | Initializing Spring embedded WebApplicationContext
2024-06-13T00:45:29.921+02:00 | INFO | main | org.springframework.boot.web.servlet.context.ServletWebServerApplicationContext | Root WebApplicationContext: initialization completed in 1207 ms
2024-06-13T00:45:30.140+02:00 | INFO | main | org.hibernate.jpa.internal.util.LogHelper | HHH000204: Processing PersistenceUnitInfo [name: default]
2024-06-13T00:45:30.184+02:00 | INFO | main | org.hibernate.Version | HHH000412: Hibernate ORM core version 5.4.33
2024-06-13T00:45:30.271+02:00 | INFO | main | org.hibernate.annotations.common.reflection.java.JavaReflectionManager | HCANN000001: Hibernate Commons Annotations {5.1.2.Final}
2024-06-13T00:45:30.339+02:00 | INFO | main | com.zaxxer.hikari.HikariDataSource | HikariPool-1 - Starting...
2024-06-13T00:45:30.443+02:00 | INFO | main | com.zaxxer.hikari.HikariDataSource | HikariPool-1 - Start completed.
2024-06-13T00:45:30.463+02:00 | INFO | main | org.hibernate.dialect.Dialect | HHH000400: Using dialect: org.hibernate.dialect.PostgreSQL10Dialect
2024-06-13T00:45:31.014+02:00 | INFO | main | org.hibernate.engine.transaction.jta.platform.internal.JtaPlatformInitiator | HHH000490: Using JtaPlatform implementation: [org.hibernate.engine.transaction.jta.platform.internal.NoJtaPlatform]
2024-06-13T00:45:31.019+02:00 | INFO | main | org.springframework.orm.jpa.AbstractEntityManagerFactoryBean | Initialized JPA EntityManagerFactory for persistence unit 'default'
2024-06-13T00:45:31.458+02:00 | WARN | main | org.springframework.boot.autoconfigure.orm.jpa.JpaBaseConfiguration$JpaWebConfiguration | spring.jpa.open-in-view is enabled by default. Therefore, database queries may be performed during view rendering. Explicitly configure spring.jpa.open-in-view to disable this warning
2024-06-13T00:45:31.522+02:00 | DEBUG | main | org.springframework.web.servlet.handler.AbstractHandlerMethodMapping | 36 mappings in 'requestMappingHandlerMapping'
2024-06-13T00:45:31.578+02:00 | DEBUG | main | org.springframework.web.servlet.handler.SimpleUrlHandlerMapping | Patterns [/webjars/**, /**] in 'resourceHandlerMapping'
2024-06-13T00:45:31.667+02:00 | INFO | main | org.springframework.boot.actuate.endpoint.web.EndpointLinksResolver | Exposing 15 endpoint(s) beneath base path '/actuator'
2024-06-13T00:45:31.682+02:00 | INFO | main | org.springframework.security.web.DefaultSecurityFilterChain | Will secure any request with [org.springframework.security.web.context.request.async.WebAsyncManagerIntegrationFilter@4a6d6308, org.springframework.security.web.context.SecurityContextPersistenceFilter@55a2f08b, org.springframework.security.web.header.HeaderWriterFilter@6c6c93f8, org.springframework.web.filter.CorsFilter@773cc551, org.springframework.security.web.authentication.logout.LogoutFilter@6b60d99c, org.example.securityproject.auth.TokenAuthenticationFilter@5cbaafbd, org.springframework.security.web.savedrequest.RequestCacheAwareFilter@32084a01, org.springframework.security.web.servletapi.SecurityContextHolderAwareRequestFilter@2433bcd4, org.springframework.security.web.authentication.AnonymousAuthenticationFilter@4f0f56f5, org.springframework.security.web.session.SessionManagementFilter@439d649c, org.springframework.security.web.access.ExceptionTranslationFilter@3fc7abf6, org.springframework.security.web.access.intercept.FilterSecurityInterceptor@2fcad739]
2024-06-13T00:45:31.683+02:00 | INFO | main | org.springframework.security.web.DefaultSecurityFilterChain | Will secure Ant [pattern='/actuator/**'] with []
2024-06-13T00:45:31.684+02:00 | INFO | main | org.springframework.security.web.DefaultSecurityFilterChain | Will secure Ant [pattern='/loki/**'] with []
2024-06-13T00:45:31.684+02:00 | INFO | main | org.springframework.security.web.DefaultSecurityFilterChain | Will secure Ant [pattern='/loki/api/v1/push', POST] with []
2024-06-13T00:45:31.684+02:00 | INFO | main | org.springframework.security.web.DefaultSecurityFilterChain | Will secure Ant [pattern='/favicon.ico', GET] with []
2024-06-13T00:45:31.684+02:00 | INFO | main | org.springframework.security.web.DefaultSecurityFilterChain | Will secure Ant [pattern='/api/auth/login', POST] with []
2024-06-13T00:45:31.684+02:00 | INFO | main | org.springframework.security.web.DefaultSecurityFilterChain | Will secure Ant [pattern='/api/users/registerUser', POST] with []
2024-06-13T00:45:31.684+02:00 | INFO | main | org.springframework.security.web.DefaultSecurityFilterChain | Will secure Ant [pattern='/api/users/confirm-account', GET] with []
2024-06-13T00:45:31.684+02:00 | INFO | main | org.springframework.security.web.DefaultSecurityFilterChain | Will secure Ant [pattern='/api/users/tryLogin', POST] with []
2024-06-13T00:45:31.684+02:00 | INFO | main | org.springframework.security.web.DefaultSecurityFilterChain | Will secure Ant [pattern='/api/users/updatePassword', PUT] with []
2024-06-13T00:45:31.685+02:00 | INFO | main | org.springframework.security.web.DefaultSecurityFilterChain | Will secure Ant [pattern='/api/users/editUserRole', POST] with []
2024-06-13T00:45:31.685+02:00 | INFO | main | org.springframework.security.web.DefaultSecurityFilterChain | Will secure Ant [pattern='/api/users/editUserPermission', POST] with []
2024-06-13T00:45:31.685+02:00 | INFO | main | org.springframework.security.web.DefaultSecurityFilterChain | Will secure Ant [pattern='/api/login/send-email', POST] with []
2024-06-13T00:45:31.685+02:00 | INFO | main | org.springframework.security.web.DefaultSecurityFilterChain | Will secure Ant [pattern='/api/login/verify', GET] with []
2024-06-13T00:45:31.686+02:00 | INFO | main | org.springframework.security.web.DefaultSecurityFilterChain | Will secure Ant [pattern='/api/login/tokens/**', GET] with []
2024-06-13T00:45:31.686+02:00 | INFO | main | org.springframework.security.web.DefaultSecurityFilterChain | Will secure Ant [pattern='/', GET] with []
2024-06-13T00:45:31.686+02:00 | INFO | main | org.springframework.security.web.DefaultSecurityFilterChain | Will secure Ant [pattern='/webjars/**', GET] with []
2024-06-13T00:45:31.686+02:00 | INFO | main | org.springframework.security.web.DefaultSecurityFilterChain | Will secure Ant [pattern='/*.html', GET] with []
2024-06-13T00:45:31.686+02:00 | INFO | main | org.springframework.security.web.DefaultSecurityFilterChain | Will secure Ant [pattern='favicon.ico', GET] with []
2024-06-13T00:45:31.686+02:00 | INFO | main | org.springframework.security.web.DefaultSecurityFilterChain | Will secure Ant [pattern='/**/*.html', GET] with []
2024-06-13T00:45:31.686+02:00 | INFO | main | org.springframework.security.web.DefaultSecurityFilterChain | Will secure Ant [pattern='/**/*.css', GET] with []
2024-06-13T00:45:31.686+02:00 | INFO | main | org.springframework.security.web.DefaultSecurityFilterChain | Will secure Ant [pattern='/**/*.js', GET] with []
2024-06-13T00:45:31.723+02:00 | DEBUG | main | org.springframework.web.servlet.mvc.method.annotation.RequestMappingHandlerAdapter | ControllerAdvice beans: 0 @ModelAttribute, 0 @InitBinder, 1 RequestBodyAdvice, 1 ResponseBodyAdvice
2024-06-13T00:45:31.749+02:00 | DEBUG | main | org.springframework.web.servlet.mvc.method.annotation.ExceptionHandlerExceptionResolver | ControllerAdvice beans: 0 @ExceptionHandler, 1 ResponseBodyAdvice
2024-06-13T00:45:31.853+02:00 | INFO | main | org.apache.juli.logging.DirectJDKLog | Starting ProtocolHandler ["https-jsse-nio-443"]
2024-06-13T00:45:31.947+02:00 | INFO | main | org.springframework.boot.web.embedded.tomcat.TomcatWebServer | Tomcat started on port(s): 443 (https) with context path ''
2024-06-13T00:51:30.684+02:00 | INFO | SpringApplicationShutdownHook | org.springframework.orm.jpa.AbstractEntityManagerFactoryBean | Closing JPA EntityManagerFactory for persistence unit 'default'
2024-06-13T00:51:30.686+02:00 | INFO | SpringApplicationShutdownHook | com.zaxxer.hikari.HikariDataSource | HikariPool-1 - Shutdown initiated...
2024-06-13T00:51:30.689+02:00 | INFO | SpringApplicationShutdownHook | com.zaxxer.hikari.HikariDataSource | HikariPool-1 - Shutdown completed.
2024-06-13T00:51:33.651+02:00 | INFO | main | org.springframework.data.repository.config.RepositoryConfigurationDelegate | Bootstrapping Spring Data JPA repositories in DEFAULT mode.
2024-06-13T00:51:33.712+02:00 | INFO | main | org.springframework.data.repository.config.RepositoryConfigurationDelegate | Finished Spring Data repository scanning in 53 ms. Found 5 JPA repository interfaces.
2024-06-13T00:51:33.920+02:00 | INFO | main | org.springframework.context.support.PostProcessorRegistrationDelegate$BeanPostProcessorChecker | Bean 'org.springframework.security.access.expression.method.DefaultMethodSecurityExpressionHandler@3625a016' of type [org.springframework.security.access.expression.method.DefaultMethodSecurityExpressionHandler] is not eligible for getting processed by all BeanPostProcessors (for example: not eligible for auto-proxying)
2024-06-13T00:51:33.928+02:00 | INFO | main | org.springframework.context.support.PostProcessorRegistrationDelegate$BeanPostProcessorChecker | Bean 'methodSecurityMetadataSource' of type [org.springframework.security.access.method.DelegatingMethodSecurityMetadataSource] is not eligible for getting processed by all BeanPostProcessors (for example: not eligible for auto-proxying)
2024-06-13T00:51:34.079+02:00 | INFO | main | org.springframework.boot.web.embedded.tomcat.TomcatWebServer | Tomcat initialized with port(s): 443 (https)
2024-06-13T00:51:34.158+02:00 | INFO | main | org.springframework.boot.web.servlet.context.ServletWebServerApplicationContext | Root WebApplicationContext: initialization completed in 1095 ms
2024-06-13T00:51:34.369+02:00 | INFO | main | org.hibernate.jpa.internal.util.LogHelper | HHH000204: Processing PersistenceUnitInfo [name: default]
2024-06-13T00:51:34.414+02:00 | INFO | main | org.hibernate.Version | HHH000412: Hibernate ORM core version 5.4.33
2024-06-13T00:51:34.503+02:00 | INFO | main | org.hibernate.annotations.common.reflection.java.JavaReflectionManager | HCANN000001: Hibernate Commons Annotations {5.1.2.Final}
2024-06-13T00:51:34.569+02:00 | INFO | main | com.zaxxer.hikari.HikariDataSource | HikariPool-1 - Starting...
2024-06-13T00:51:34.670+02:00 | INFO | main | com.zaxxer.hikari.HikariDataSource | HikariPool-1 - Start completed.
2024-06-13T00:51:34.689+02:00 | INFO | main | org.hibernate.dialect.Dialect | HHH000400: Using dialect: org.hibernate.dialect.PostgreSQL10Dialect
2024-06-13T00:51:35.239+02:00 | INFO | main | org.hibernate.engine.transaction.jta.platform.internal.JtaPlatformInitiator | HHH000490: Using JtaPlatform implementation: [org.hibernate.engine.transaction.jta.platform.internal.NoJtaPlatform]
2024-06-13T00:51:35.247+02:00 | INFO | main | org.springframework.orm.jpa.AbstractEntityManagerFactoryBean | Initialized JPA EntityManagerFactory for persistence unit 'default'
2024-06-13T00:51:35.696+02:00 | WARN | main | org.springframework.boot.autoconfigure.orm.jpa.JpaBaseConfiguration$JpaWebConfiguration | spring.jpa.open-in-view is enabled by default. Therefore, database queries may be performed during view rendering. Explicitly configure spring.jpa.open-in-view to disable this warning
2024-06-13T00:51:35.760+02:00 | DEBUG | main | org.springframework.web.servlet.handler.AbstractHandlerMethodMapping | 36 mappings in 'requestMappingHandlerMapping'
2024-06-13T00:51:35.821+02:00 | DEBUG | main | org.springframework.web.servlet.handler.SimpleUrlHandlerMapping | Patterns [/webjars/**, /**] in 'resourceHandlerMapping'
2024-06-13T00:51:35.913+02:00 | INFO | main | org.springframework.boot.actuate.endpoint.web.EndpointLinksResolver | Exposing 15 endpoint(s) beneath base path '/actuator'
2024-06-13T00:51:35.927+02:00 | INFO | main | org.springframework.security.web.DefaultSecurityFilterChain | Will secure any request with [org.springframework.security.web.context.request.async.WebAsyncManagerIntegrationFilter@c6653e, org.springframework.security.web.context.SecurityContextPersistenceFilter@752e4223, org.springframework.security.web.header.HeaderWriterFilter@4c89c98a, org.springframework.web.filter.CorsFilter@435e224d, org.springframework.security.web.authentication.logout.LogoutFilter@2165d4ab, org.example.securityproject.auth.TokenAuthenticationFilter@788fa91f, org.springframework.security.web.savedrequest.RequestCacheAwareFilter@136690b1, org.springframework.security.web.servletapi.SecurityContextHolderAwareRequestFilter@3eb8057c, org.springframework.security.web.authentication.AnonymousAuthenticationFilter@6dd7af2f, org.springframework.security.web.session.SessionManagementFilter@2e590e36, org.springframework.security.web.access.ExceptionTranslationFilter@725490dd, org.springframework.security.web.access.intercept.FilterSecurityInterceptor@41e43885]
2024-06-13T00:51:35.937+02:00 | INFO | main | org.springframework.security.web.DefaultSecurityFilterChain | Will secure Ant [pattern='/actuator/**'] with []
2024-06-13T00:51:35.938+02:00 | INFO | main | org.springframework.security.web.DefaultSecurityFilterChain | Will secure Ant [pattern='/loki/**'] with []
2024-06-13T00:51:35.938+02:00 | INFO | main | org.springframework.security.web.DefaultSecurityFilterChain | Will secure Ant [pattern='/loki/api/v1/push', POST] with []
2024-06-13T00:51:35.938+02:00 | INFO | main | org.springframework.security.web.DefaultSecurityFilterChain | Will secure Ant [pattern='/favicon.ico', GET] with []
2024-06-13T00:51:35.938+02:00 | INFO | main | org.springframework.security.web.DefaultSecurityFilterChain | Will secure Ant [pattern='/api/auth/login', POST] with []
2024-06-13T00:51:35.938+02:00 | INFO | main | org.springframework.security.web.DefaultSecurityFilterChain | Will secure Ant [pattern='/api/users/registerUser', POST] with []
2024-06-13T00:51:35.938+02:00 | INFO | main | org.springframework.security.web.DefaultSecurityFilterChain | Will secure Ant [pattern='/api/users/confirm-account', GET] with []
2024-06-13T00:51:35.938+02:00 | INFO | main | org.springframework.security.web.DefaultSecurityFilterChain | Will secure Ant [pattern='/api/users/tryLogin', POST] with []
2024-06-13T00:51:35.938+02:00 | INFO | main | org.springframework.security.web.DefaultSecurityFilterChain | Will secure Ant [pattern='/api/users/updatePassword', PUT] with []
2024-06-13T00:51:35.938+02:00 | INFO | main | org.springframework.security.web.DefaultSecurityFilterChain | Will secure Ant [pattern='/api/users/editUserRole', POST] with []
2024-06-13T00:51:35.938+02:00 | INFO | main | org.springframework.security.web.DefaultSecurityFilterChain | Will secure Ant [pattern='/api/users/editUserPermission', POST] with []
2024-06-13T00:51:35.938+02:00 | INFO | main | org.springframework.security.web.DefaultSecurityFilterChain | Will secure Ant [pattern='/api/login/send-email', POST] with []
2024-06-13T00:51:35.938+02:00 | INFO | main | org.springframework.security.web.DefaultSecurityFilterChain | Will secure Ant [pattern='/api/login/verify', GET] with []
2024-06-13T00:51:35.939+02:00 | INFO | main | org.springframework.security.web.DefaultSecurityFilterChain | Will secure Ant [pattern='/api/login/tokens/**', GET] with []
2024-06-13T00:51:35.939+02:00 | INFO | main | org.springframework.security.web.DefaultSecurityFilterChain | Will secure Ant [pattern='/', GET] with []
2024-06-13T00:51:35.939+02:00 | INFO | main | org.springframework.security.web.DefaultSecurityFilterChain | Will secure Ant [pattern='/webjars/**', GET] with []
2024-06-13T00:51:35.939+02:00 | INFO | main | org.springframework.security.web.DefaultSecurityFilterChain | Will secure Ant [pattern='/*.html', GET] with []
2024-06-13T00:51:35.939+02:00 | INFO | main | org.springframework.security.web.DefaultSecurityFilterChain | Will secure Ant [pattern='favicon.ico', GET] with []
2024-06-13T00:51:35.939+02:00 | INFO | main | org.springframework.security.web.DefaultSecurityFilterChain | Will secure Ant [pattern='/**/*.html', GET] with []
2024-06-13T00:51:35.939+02:00 | INFO | main | org.springframework.security.web.DefaultSecurityFilterChain | Will secure Ant [pattern='/**/*.css', GET] with []
2024-06-13T00:51:35.940+02:00 | INFO | main | org.springframework.security.web.DefaultSecurityFilterChain | Will secure Ant [pattern='/**/*.js', GET] with []
2024-06-13T00:51:35.975+02:00 | DEBUG | main | org.springframework.web.servlet.mvc.method.annotation.RequestMappingHandlerAdapter | ControllerAdvice beans: 0 @ModelAttribute, 0 @InitBinder, 1 RequestBodyAdvice, 1 ResponseBodyAdvice
2024-06-13T00:51:36.000+02:00 | DEBUG | main | org.springframework.web.servlet.mvc.method.annotation.ExceptionHandlerExceptionResolver | ControllerAdvice beans: 0 @ExceptionHandler, 1 ResponseBodyAdvice
2024-06-13T00:51:36.199+02:00 | INFO | main | org.springframework.boot.web.embedded.tomcat.TomcatWebServer | Tomcat started on port(s): 443 (https) with context path ''
2024-06-13T00:51:36.229+02:00 | INFO | SpringApplicationShutdownHook | org.springframework.orm.jpa.AbstractEntityManagerFactoryBean | Closing JPA EntityManagerFactory for persistence unit 'default'
2024-06-13T00:51:36.231+02:00 | INFO | SpringApplicationShutdownHook | com.zaxxer.hikari.HikariDataSource | HikariPool-1 - Shutdown initiated...
2024-06-13T00:51:36.234+02:00 | INFO | SpringApplicationShutdownHook | com.zaxxer.hikari.HikariDataSource | HikariPool-1 - Shutdown completed.
2024-06-13T00:51:40.635+02:00 | INFO | main | org.springframework.data.repository.config.RepositoryConfigurationDelegate | Bootstrapping Spring Data JPA repositories in DEFAULT mode.
2024-06-13T00:51:40.705+02:00 | INFO | main | org.springframework.data.repository.config.RepositoryConfigurationDelegate | Finished Spring Data repository scanning in 61 ms. Found 5 JPA repository interfaces.
2024-06-13T00:51:41.015+02:00 | INFO | main | org.springframework.context.support.PostProcessorRegistrationDelegate$BeanPostProcessorChecker | Bean 'org.springframework.security.access.expression.method.DefaultMethodSecurityExpressionHandler@4d634127' of type [org.springframework.security.access.expression.method.DefaultMethodSecurityExpressionHandler] is not eligible for getting processed by all BeanPostProcessors (for example: not eligible for auto-proxying)
2024-06-13T00:51:41.023+02:00 | INFO | main | org.springframework.context.support.PostProcessorRegistrationDelegate$BeanPostProcessorChecker | Bean 'methodSecurityMetadataSource' of type [org.springframework.security.access.method.DelegatingMethodSecurityMetadataSource] is not eligible for getting processed by all BeanPostProcessors (for example: not eligible for auto-proxying)
2024-06-13T00:51:41.182+02:00 | INFO | main | org.springframework.boot.web.embedded.tomcat.TomcatWebServer | Tomcat initialized with port(s): 443 (https)
2024-06-13T00:51:41.187+02:00 | INFO | main | org.apache.juli.logging.DirectJDKLog | Initializing ProtocolHandler ["https-jsse-nio-443"]
2024-06-13T00:51:41.188+02:00 | INFO | main | org.apache.juli.logging.DirectJDKLog | Starting service [Tomcat]
2024-06-13T00:51:41.188+02:00 | INFO | main | org.apache.juli.logging.DirectJDKLog | Starting Servlet engine: [Apache Tomcat/9.0.56]
2024-06-13T00:51:41.257+02:00 | INFO | main | org.apache.juli.logging.DirectJDKLog | Initializing Spring embedded WebApplicationContext
2024-06-13T00:51:41.258+02:00 | INFO | main | org.springframework.boot.web.servlet.context.ServletWebServerApplicationContext | Root WebApplicationContext: initialization completed in 1423 ms
2024-06-13T00:51:41.483+02:00 | INFO | main | org.hibernate.jpa.internal.util.LogHelper | HHH000204: Processing PersistenceUnitInfo [name: default]
2024-06-13T00:51:41.530+02:00 | INFO | main | org.hibernate.Version | HHH000412: Hibernate ORM core version 5.4.33
2024-06-13T00:51:41.623+02:00 | INFO | main | org.hibernate.annotations.common.reflection.java.JavaReflectionManager | HCANN000001: Hibernate Commons Annotations {5.1.2.Final}
2024-06-13T00:51:41.704+02:00 | INFO | main | com.zaxxer.hikari.HikariDataSource | HikariPool-1 - Starting...
2024-06-13T00:51:41.818+02:00 | INFO | main | com.zaxxer.hikari.HikariDataSource | HikariPool-1 - Start completed.
2024-06-13T00:51:41.839+02:00 | INFO | main | org.hibernate.dialect.Dialect | HHH000400: Using dialect: org.hibernate.dialect.PostgreSQL10Dialect
2024-06-13T00:51:42.426+02:00 | INFO | main | org.hibernate.engine.transaction.jta.platform.internal.JtaPlatformInitiator | HHH000490: Using JtaPlatform implementation: [org.hibernate.engine.transaction.jta.platform.internal.NoJtaPlatform]
2024-06-13T00:51:42.432+02:00 | INFO | main | org.springframework.orm.jpa.AbstractEntityManagerFactoryBean | Initialized JPA EntityManagerFactory for persistence unit 'default'
2024-06-13T00:51:42.896+02:00 | WARN | main | org.springframework.boot.autoconfigure.orm.jpa.JpaBaseConfiguration$JpaWebConfiguration | spring.jpa.open-in-view is enabled by default. Therefore, database queries may be performed during view rendering. Explicitly configure spring.jpa.open-in-view to disable this warning
2024-06-13T00:51:42.952+02:00 | DEBUG | main | org.springframework.web.servlet.handler.AbstractHandlerMethodMapping | 36 mappings in 'requestMappingHandlerMapping'
2024-06-13T00:51:43.009+02:00 | DEBUG | main | org.springframework.web.servlet.handler.SimpleUrlHandlerMapping | Patterns [/webjars/**, /**] in 'resourceHandlerMapping'
2024-06-13T00:51:43.100+02:00 | INFO | main | org.springframework.boot.actuate.endpoint.web.EndpointLinksResolver | Exposing 15 endpoint(s) beneath base path '/actuator'
2024-06-13T00:51:43.116+02:00 | INFO | main | org.springframework.security.web.DefaultSecurityFilterChain | Will secure any request with [org.springframework.security.web.context.request.async.WebAsyncManagerIntegrationFilter@75bbe39d, org.springframework.security.web.context.SecurityContextPersistenceFilter@6bfc5296, org.springframework.security.web.header.HeaderWriterFilter@96448ee, org.springframework.web.filter.CorsFilter@6805415d, org.springframework.security.web.authentication.logout.LogoutFilter@4b2af0eb, org.example.securityproject.auth.TokenAuthenticationFilter@870413c, org.springframework.security.web.savedrequest.RequestCacheAwareFilter@457d3f54, org.springframework.security.web.servletapi.SecurityContextHolderAwareRequestFilter@1da61a29, org.springframework.security.web.authentication.AnonymousAuthenticationFilter@3791160a, org.springframework.security.web.session.SessionManagementFilter@1fe37d27, org.springframework.security.web.access.ExceptionTranslationFilter@6164b3a2, org.springframework.security.web.access.intercept.FilterSecurityInterceptor@20fdaf3e]
2024-06-13T00:51:43.119+02:00 | INFO | main | org.springframework.security.web.DefaultSecurityFilterChain | Will secure Ant [pattern='/actuator/**'] with []
2024-06-13T00:51:43.120+02:00 | INFO | main | org.springframework.security.web.DefaultSecurityFilterChain | Will secure Ant [pattern='/loki/**'] with []
2024-06-13T00:51:43.120+02:00 | INFO | main | org.springframework.security.web.DefaultSecurityFilterChain | Will secure Ant [pattern='/loki/api/v1/push', POST] with []
2024-06-13T00:51:43.120+02:00 | INFO | main | org.springframework.security.web.DefaultSecurityFilterChain | Will secure Ant [pattern='/favicon.ico', GET] with []
2024-06-13T00:51:43.120+02:00 | INFO | main | org.springframework.security.web.DefaultSecurityFilterChain | Will secure Ant [pattern='/api/auth/login', POST] with []
2024-06-13T00:51:43.120+02:00 | INFO | main | org.springframework.security.web.DefaultSecurityFilterChain | Will secure Ant [pattern='/api/users/registerUser', POST] with []
2024-06-13T00:51:43.120+02:00 | INFO | main | org.springframework.security.web.DefaultSecurityFilterChain | Will secure Ant [pattern='/api/users/confirm-account', GET] with []
2024-06-13T00:51:43.120+02:00 | INFO | main | org.springframework.security.web.DefaultSecurityFilterChain | Will secure Ant [pattern='/api/users/tryLogin', POST] with []
2024-06-13T00:51:43.120+02:00 | INFO | main | org.springframework.security.web.DefaultSecurityFilterChain | Will secure Ant [pattern='/api/users/updatePassword', PUT] with []
2024-06-13T00:51:43.121+02:00 | INFO | main | org.springframework.security.web.DefaultSecurityFilterChain | Will secure Ant [pattern='/api/users/editUserRole', POST] with []
2024-06-13T00:51:43.121+02:00 | INFO | main | org.springframework.security.web.DefaultSecurityFilterChain | Will secure Ant [pattern='/api/users/editUserPermission', POST] with []
2024-06-13T00:51:43.121+02:00 | INFO | main | org.springframework.security.web.DefaultSecurityFilterChain | Will secure Ant [pattern='/api/login/send-email', POST] with []
2024-06-13T00:51:43.121+02:00 | INFO | main | org.springframework.security.web.DefaultSecurityFilterChain | Will secure Ant [pattern='/api/login/verify', GET] with []
2024-06-13T00:51:43.121+02:00 | INFO | main | org.springframework.security.web.DefaultSecurityFilterChain | Will secure Ant [pattern='/api/login/tokens/**', GET] with []
2024-06-13T00:51:43.121+02:00 | INFO | main | org.springframework.security.web.DefaultSecurityFilterChain | Will secure Ant [pattern='/', GET] with []
2024-06-13T00:51:43.121+02:00 | INFO | main | org.springframework.security.web.DefaultSecurityFilterChain | Will secure Ant [pattern='/webjars/**', GET] with []
2024-06-13T00:51:43.121+02:00 | INFO | main | org.springframework.security.web.DefaultSecurityFilterChain | Will secure Ant [pattern='/*.html', GET] with []
2024-06-13T00:51:43.122+02:00 | INFO | main | org.springframework.security.web.DefaultSecurityFilterChain | Will secure Ant [pattern='favicon.ico', GET] with []
2024-06-13T00:51:43.122+02:00 | INFO | main | org.springframework.security.web.DefaultSecurityFilterChain | Will secure Ant [pattern='/**/*.html', GET] with []
2024-06-13T00:51:43.122+02:00 | INFO | main | org.springframework.security.web.DefaultSecurityFilterChain | Will secure Ant [pattern='/**/*.css', GET] with []
2024-06-13T00:51:43.122+02:00 | INFO | main | org.springframework.security.web.DefaultSecurityFilterChain | Will secure Ant [pattern='/**/*.js', GET] with []
2024-06-13T00:51:43.161+02:00 | DEBUG | main | org.springframework.web.servlet.mvc.method.annotation.RequestMappingHandlerAdapter | ControllerAdvice beans: 0 @ModelAttribute, 0 @InitBinder, 1 RequestBodyAdvice, 1 ResponseBodyAdvice
2024-06-13T00:51:43.186+02:00 | DEBUG | main | org.springframework.web.servlet.mvc.method.annotation.ExceptionHandlerExceptionResolver | ControllerAdvice beans: 0 @ExceptionHandler, 1 ResponseBodyAdvice
2024-06-13T00:51:43.290+02:00 | INFO | main | org.apache.juli.logging.DirectJDKLog | Starting ProtocolHandler ["https-jsse-nio-443"]
2024-06-13T00:51:43.385+02:00 | INFO | main | org.springframework.boot.web.embedded.tomcat.TomcatWebServer | Tomcat started on port(s): 443 (https) with context path ''
2024-06-13T00:51:44.514+02:00 | INFO | https-jsse-nio-443-exec-5 | org.apache.juli.logging.DirectJDKLog | Initializing Spring DispatcherServlet 'dispatcherServlet'
2024-06-13T00:51:44.514+02:00 | INFO | https-jsse-nio-443-exec-5 | org.springframework.web.servlet.FrameworkServlet | Initializing Servlet 'dispatcherServlet'
2024-06-13T00:51:44.515+02:00 | DEBUG | https-jsse-nio-443-exec-5 | org.springframework.web.servlet.DispatcherServlet | Detected StandardServletMultipartResolver
2024-06-13T00:51:44.515+02:00 | DEBUG | https-jsse-nio-443-exec-5 | org.springframework.web.servlet.DispatcherServlet | Detected AcceptHeaderLocaleResolver
2024-06-13T00:51:44.515+02:00 | DEBUG | https-jsse-nio-443-exec-5 | org.springframework.web.servlet.DispatcherServlet | Detected FixedThemeResolver
2024-06-13T00:51:44.516+02:00 | DEBUG | https-jsse-nio-443-exec-5 | org.springframework.web.servlet.DispatcherServlet | Detected org.springframework.web.servlet.view.DefaultRequestToViewNameTranslator@3b0d9da
2024-06-13T00:51:44.516+02:00 | DEBUG | https-jsse-nio-443-exec-5 | org.springframework.web.servlet.DispatcherServlet | Detected org.springframework.web.servlet.support.SessionFlashMapManager@6d71f296
2024-06-13T00:51:44.516+02:00 | DEBUG | https-jsse-nio-443-exec-5 | org.springframework.web.servlet.FrameworkServlet | enableLoggingRequestDetails='false': request parameters and headers will be masked to prevent unsafe logging of potentially sensitive data
2024-06-13T00:51:44.516+02:00 | INFO | https-jsse-nio-443-exec-5 | org.springframework.web.servlet.FrameworkServlet | Completed initialization in 1 ms
2024-06-13T00:51:44.524+02:00 | DEBUG | https-jsse-nio-443-exec-5 | org.springframework.core.log.LogFormatUtils | POST "/api/users/tryLogin", parameters={}
2024-06-13T00:51:44.527+02:00 | DEBUG | https-jsse-nio-443-exec-5 | org.springframework.web.servlet.handler.AbstractHandlerMapping | Mapped to org.example.securityproject.controller.UserController#loginUser(UserLoginData)
2024-06-13T00:51:44.574+02:00 | DEBUG | https-jsse-nio-443-exec-5 | org.springframework.core.log.LogFormatUtils | Read "application/json;charset=UTF-8" to [org.example.securityproject.dto.UserLoginData@315efae8]
2024-06-13T00:51:44.678+02:00 | DEBUG | https-jsse-nio-443-exec-5 | org.springframework.web.servlet.mvc.method.annotation.AbstractMessageConverterMethodProcessor | Using 'application/json', given [application/json, text/plain, */*] and supported [application/json, application/*+json, application/json, application/*+json]
2024-06-13T00:51:44.679+02:00 | DEBUG | https-jsse-nio-443-exec-5 | org.springframework.core.log.LogFormatUtils | Writing [org.example.securityproject.dto.LoginReponseDto@1f60e47e]
2024-06-13T00:51:44.686+02:00 | DEBUG | https-jsse-nio-443-exec-5 | org.springframework.web.servlet.FrameworkServlet | Completed 200 OK
2024-06-13T00:51:44.692+02:00 | DEBUG | https-jsse-nio-443-exec-6 | org.springframework.core.log.LogFormatUtils | POST "/api/auth/login", parameters={}
2024-06-13T00:51:44.693+02:00 | DEBUG | https-jsse-nio-443-exec-6 | org.springframework.web.servlet.handler.AbstractHandlerMapping | Mapped to org.example.securityproject.controller.AuthenticationController#createAuthenticationToken(JwtAuthenticationRequest, HttpServletResponse)
2024-06-13T00:51:44.696+02:00 | DEBUG | https-jsse-nio-443-exec-6 | org.springframework.core.log.LogFormatUtils | Read "application/json;charset=UTF-8" to [org.example.securityproject.dto.JwtAuthenticationRequest@1987f8fe]
2024-06-13T00:51:44.703+02:00 | ERROR | https-jsse-nio-443-exec-6 | org.example.securityproject.controller.AuthenticationController | Authentication failed for user: anaa.radovanovic2001@gmail.com
2024-06-13T00:51:44.703+02:00 | ERROR | https-jsse-nio-443-exec-6 | org.example.securityproject.controller.AuthenticationController | Authentication failed for user: anaa.radovanovic2001@gmail.com
2024-06-13T00:51:44.706+02:00 | DEBUG | https-jsse-nio-443-exec-6 | org.springframework.web.servlet.mvc.method.annotation.AbstractMessageConverterMethodProcessor | Using 'application/json', given [application/json] and supported [application/json]
2024-06-13T00:51:44.707+02:00 | DEBUG | https-jsse-nio-443-exec-6 | org.springframework.web.servlet.mvc.method.annotation.AbstractMessageConverterMethodProcessor | Nothing to write: null body
2024-06-13T00:51:44.707+02:00 | DEBUG | https-jsse-nio-443-exec-6 | org.springframework.web.servlet.FrameworkServlet | Completed 401 UNAUTHORIZED
2024-06-13T00:51:45.356+02:00 | DEBUG | https-jsse-nio-443-exec-7 | org.springframework.core.log.LogFormatUtils | POST "/api/users/tryLogin", parameters={}
2024-06-13T00:51:45.357+02:00 | DEBUG | https-jsse-nio-443-exec-7 | org.springframework.web.servlet.handler.AbstractHandlerMapping | Mapped to org.example.securityproject.controller.UserController#loginUser(UserLoginData)
2024-06-13T00:51:45.358+02:00 | DEBUG | https-jsse-nio-443-exec-7 | org.springframework.core.log.LogFormatUtils | Read "application/json;charset=UTF-8" to [org.example.securityproject.dto.UserLoginData@143081cb]
2024-06-13T00:51:45.361+02:00 | DEBUG | https-jsse-nio-443-exec-7 | org.springframework.web.servlet.mvc.method.annotation.AbstractMessageConverterMethodProcessor | Using 'application/json', given [application/json, text/plain, */*] and supported [application/json, application/*+json, application/json, application/*+json]
2024-06-13T00:51:45.361+02:00 | DEBUG | https-jsse-nio-443-exec-7 | org.springframework.core.log.LogFormatUtils | Writing [org.example.securityproject.dto.LoginReponseDto@3be59849]
2024-06-13T00:51:45.362+02:00 | DEBUG | https-jsse-nio-443-exec-7 | org.springframework.web.servlet.FrameworkServlet | Completed 200 OK
2024-06-13T00:51:45.366+02:00 | DEBUG | https-jsse-nio-443-exec-8 | org.springframework.core.log.LogFormatUtils | POST "/api/auth/login", parameters={}
2024-06-13T00:51:45.367+02:00 | DEBUG | https-jsse-nio-443-exec-8 | org.springframework.web.servlet.handler.AbstractHandlerMapping | Mapped to org.example.securityproject.controller.AuthenticationController#createAuthenticationToken(JwtAuthenticationRequest, HttpServletResponse)
2024-06-13T00:51:45.370+02:00 | DEBUG | https-jsse-nio-443-exec-8 | org.springframework.core.log.LogFormatUtils | Read "application/json;charset=UTF-8" to [org.example.securityproject.dto.JwtAuthenticationRequest@46446fdc]
2024-06-13T00:51:45.373+02:00 | ERROR | https-jsse-nio-443-exec-8 | org.example.securityproject.controller.AuthenticationController | Authentication failed for user: anaa.radovanovic2001@gmail.com
2024-06-13T00:51:45.373+02:00 | ERROR | https-jsse-nio-443-exec-8 | org.example.securityproject.controller.AuthenticationController | Authentication failed for user: anaa.radovanovic2001@gmail.com
2024-06-13T00:51:45.373+02:00 | DEBUG | https-jsse-nio-443-exec-8 | org.springframework.web.servlet.mvc.method.annotation.AbstractMessageConverterMethodProcessor | Using 'application/json', given [application/json] and supported [application/json]
2024-06-13T00:51:45.374+02:00 | DEBUG | https-jsse-nio-443-exec-8 | org.springframework.web.servlet.mvc.method.annotation.AbstractMessageConverterMethodProcessor | Nothing to write: null body
2024-06-13T00:51:45.374+02:00 | DEBUG | https-jsse-nio-443-exec-8 | org.springframework.web.servlet.FrameworkServlet | Completed 401 UNAUTHORIZED
2024-06-13T00:56:03.443+02:00 | DEBUG | https-jsse-nio-443-exec-4 | org.springframework.core.log.LogFormatUtils | POST "/api/users/tryLogin", parameters={}
2024-06-13T00:56:03.444+02:00 | DEBUG | https-jsse-nio-443-exec-4 | org.springframework.web.servlet.handler.AbstractHandlerMapping | Mapped to org.example.securityproject.controller.UserController#loginUser(UserLoginData)
2024-06-13T00:56:03.446+02:00 | DEBUG | https-jsse-nio-443-exec-4 | org.springframework.core.log.LogFormatUtils | Read "application/json;charset=UTF-8" to [org.example.securityproject.dto.UserLoginData@57e259bb]
2024-06-13T00:56:03.451+02:00 | DEBUG | https-jsse-nio-443-exec-4 | org.springframework.web.servlet.mvc.method.annotation.AbstractMessageConverterMethodProcessor | Using 'application/json', given [application/json, text/plain, */*] and supported [application/json, application/*+json, application/json, application/*+json]
2024-06-13T00:56:03.452+02:00 | DEBUG | https-jsse-nio-443-exec-4 | org.springframework.core.log.LogFormatUtils | Writing [org.example.securityproject.dto.LoginReponseDto@3868b294]
2024-06-13T00:56:03.453+02:00 | DEBUG | https-jsse-nio-443-exec-4 | org.springframework.web.servlet.FrameworkServlet | Completed 200 OK
2024-06-13T00:56:03.458+02:00 | DEBUG | https-jsse-nio-443-exec-5 | org.springframework.core.log.LogFormatUtils | POST "/api/auth/login", parameters={}
2024-06-13T00:56:03.459+02:00 | DEBUG | https-jsse-nio-443-exec-5 | org.springframework.web.servlet.handler.AbstractHandlerMapping | Mapped to org.example.securityproject.controller.AuthenticationController#createAuthenticationToken(JwtAuthenticationRequest, HttpServletResponse)
2024-06-13T00:56:03.461+02:00 | DEBUG | https-jsse-nio-443-exec-5 | org.springframework.core.log.LogFormatUtils | Read "application/json;charset=UTF-8" to [org.example.securityproject.dto.JwtAuthenticationRequest@47c0870b]
2024-06-13T00:56:03.465+02:00 | ERROR | https-jsse-nio-443-exec-5 | org.example.securityproject.controller.AuthenticationController | Authentication failed for user: anaa.radovanovic2001@gmail.com
2024-06-13T00:56:03.465+02:00 | ERROR | https-jsse-nio-443-exec-5 | org.example.securityproject.controller.AuthenticationController | Authentication failed for user: anaa.radovanovic2001@gmail.com
2024-06-13T00:56:03.465+02:00 | DEBUG | https-jsse-nio-443-exec-5 | org.springframework.web.servlet.mvc.method.annotation.AbstractMessageConverterMethodProcessor | Using 'application/json', given [application/json] and supported [application/json]
2024-06-13T00:56:03.467+02:00 | DEBUG | https-jsse-nio-443-exec-5 | org.springframework.web.servlet.mvc.method.annotation.AbstractMessageConverterMethodProcessor | Nothing to write: null body
2024-06-13T00:56:03.467+02:00 | DEBUG | https-jsse-nio-443-exec-5 | org.springframework.web.servlet.FrameworkServlet | Completed 401 UNAUTHORIZED
2024-06-13T00:56:03.766+02:00 | DEBUG | https-jsse-nio-443-exec-6 | org.springframework.core.log.LogFormatUtils | POST "/api/users/tryLogin", parameters={}
2024-06-13T00:56:03.767+02:00 | DEBUG | https-jsse-nio-443-exec-6 | org.springframework.web.servlet.handler.AbstractHandlerMapping | Mapped to org.example.securityproject.controller.UserController#loginUser(UserLoginData)
2024-06-13T00:56:03.768+02:00 | DEBUG | https-jsse-nio-443-exec-6 | org.springframework.core.log.LogFormatUtils | Read "application/json;charset=UTF-8" to [org.example.securityproject.dto.UserLoginData@f1c261d]
2024-06-13T00:56:03.771+02:00 | DEBUG | https-jsse-nio-443-exec-6 | org.springframework.web.servlet.mvc.method.annotation.AbstractMessageConverterMethodProcessor | Using 'application/json', given [application/json, text/plain, */*] and supported [application/json, application/*+json, application/json, application/*+json]
2024-06-13T00:56:03.771+02:00 | DEBUG | https-jsse-nio-443-exec-6 | org.springframework.core.log.LogFormatUtils | Writing [org.example.securityproject.dto.LoginReponseDto@50901704]
2024-06-13T00:56:03.773+02:00 | DEBUG | https-jsse-nio-443-exec-6 | org.springframework.web.servlet.FrameworkServlet | Completed 200 OK
2024-06-13T00:56:03.777+02:00 | DEBUG | https-jsse-nio-443-exec-7 | org.springframework.core.log.LogFormatUtils | POST "/api/auth/login", parameters={}
2024-06-13T00:56:03.779+02:00 | DEBUG | https-jsse-nio-443-exec-7 | org.springframework.web.servlet.handler.AbstractHandlerMapping | Mapped to org.example.securityproject.controller.AuthenticationController#createAuthenticationToken(JwtAuthenticationRequest, HttpServletResponse)
2024-06-13T00:56:03.780+02:00 | DEBUG | https-jsse-nio-443-exec-7 | org.springframework.core.log.LogFormatUtils | Read "application/json;charset=UTF-8" to [org.example.securityproject.dto.JwtAuthenticationRequest@5435d3bb]
2024-06-13T00:56:03.785+02:00 | ERROR | https-jsse-nio-443-exec-7 | org.example.securityproject.controller.AuthenticationController | Authentication failed for user: anaa.radovanovic2001@gmail.com
2024-06-13T00:56:03.785+02:00 | ERROR | https-jsse-nio-443-exec-7 | org.example.securityproject.controller.AuthenticationController | Authentication failed for user: anaa.radovanovic2001@gmail.com
2024-06-13T00:56:03.786+02:00 | DEBUG | https-jsse-nio-443-exec-7 | org.springframework.web.servlet.mvc.method.annotation.AbstractMessageConverterMethodProcessor | Using 'application/json', given [application/json] and supported [application/json]
2024-06-13T00:56:03.786+02:00 | DEBUG | https-jsse-nio-443-exec-7 | org.springframework.web.servlet.mvc.method.annotation.AbstractMessageConverterMethodProcessor | Nothing to write: null body
2024-06-13T00:56:03.787+02:00 | DEBUG | https-jsse-nio-443-exec-7 | org.springframework.web.servlet.FrameworkServlet | Completed 401 UNAUTHORIZED
2024-06-13T00:58:43.324+02:00 | INFO | SpringApplicationShutdownHook | org.springframework.orm.jpa.AbstractEntityManagerFactoryBean | Closing JPA EntityManagerFactory for persistence unit 'default'
2024-06-13T00:58:43.326+02:00 | INFO | SpringApplicationShutdownHook | com.zaxxer.hikari.HikariDataSource | HikariPool-1 - Shutdown initiated...
2024-06-13T00:58:43.328+02:00 | INFO | SpringApplicationShutdownHook | com.zaxxer.hikari.HikariDataSource | HikariPool-1 - Shutdown completed.
2024-06-13T00:58:50.896+02:00 | INFO | main | org.springframework.data.repository.config.RepositoryConfigurationDelegate | Bootstrapping Spring Data JPA repositories in DEFAULT mode.
2024-06-13T00:58:50.948+02:00 | INFO | main | org.springframework.data.repository.config.RepositoryConfigurationDelegate | Finished Spring Data repository scanning in 44 ms. Found 5 JPA repository interfaces.
2024-06-13T00:58:51.149+02:00 | INFO | main | org.springframework.context.support.PostProcessorRegistrationDelegate$BeanPostProcessorChecker | Bean 'org.springframework.security.access.expression.method.DefaultMethodSecurityExpressionHandler@a83495d' of type [org.springframework.security.access.expression.method.DefaultMethodSecurityExpressionHandler] is not eligible for getting processed by all BeanPostProcessors (for example: not eligible for auto-proxying)
2024-06-13T00:58:51.157+02:00 | INFO | main | org.springframework.context.support.PostProcessorRegistrationDelegate$BeanPostProcessorChecker | Bean 'methodSecurityMetadataSource' of type [org.springframework.security.access.method.DelegatingMethodSecurityMetadataSource] is not eligible for getting processed by all BeanPostProcessors (for example: not eligible for auto-proxying)
2024-06-13T00:58:51.308+02:00 | INFO | main | org.springframework.boot.web.embedded.tomcat.TomcatWebServer | Tomcat initialized with port(s): 443 (https)
2024-06-13T00:58:51.314+02:00 | INFO | main | org.apache.juli.logging.DirectJDKLog | Initializing ProtocolHandler ["https-jsse-nio-443"]
2024-06-13T00:58:51.314+02:00 | INFO | main | org.apache.juli.logging.DirectJDKLog | Starting service [Tomcat]
2024-06-13T00:58:51.314+02:00 | INFO | main | org.apache.juli.logging.DirectJDKLog | Starting Servlet engine: [Apache Tomcat/9.0.56]
2024-06-13T00:58:51.375+02:00 | INFO | main | org.apache.juli.logging.DirectJDKLog | Initializing Spring embedded WebApplicationContext
2024-06-13T00:58:51.376+02:00 | INFO | main | org.springframework.boot.web.servlet.context.ServletWebServerApplicationContext | Root WebApplicationContext: initialization completed in 1053 ms
2024-06-13T00:58:51.589+02:00 | INFO | main | org.hibernate.jpa.internal.util.LogHelper | HHH000204: Processing PersistenceUnitInfo [name: default]
2024-06-13T00:58:51.631+02:00 | INFO | main | org.hibernate.Version | HHH000412: Hibernate ORM core version 5.4.33
2024-06-13T00:58:51.716+02:00 | INFO | main | org.hibernate.annotations.common.reflection.java.JavaReflectionManager | HCANN000001: Hibernate Commons Annotations {5.1.2.Final}
2024-06-13T00:58:51.786+02:00 | INFO | main | com.zaxxer.hikari.HikariDataSource | HikariPool-1 - Starting...
2024-06-13T00:58:51.889+02:00 | INFO | main | com.zaxxer.hikari.HikariDataSource | HikariPool-1 - Start completed.
2024-06-13T00:58:51.907+02:00 | INFO | main | org.hibernate.dialect.Dialect | HHH000400: Using dialect: org.hibernate.dialect.PostgreSQL10Dialect
2024-06-13T00:58:52.409+02:00 | INFO | main | org.hibernate.engine.transaction.jta.platform.internal.JtaPlatformInitiator | HHH000490: Using JtaPlatform implementation: [org.hibernate.engine.transaction.jta.platform.internal.NoJtaPlatform]
2024-06-13T00:58:52.415+02:00 | INFO | main | org.springframework.orm.jpa.AbstractEntityManagerFactoryBean | Initialized JPA EntityManagerFactory for persistence unit 'default'
2024-06-13T00:58:52.864+02:00 | WARN | main | org.springframework.boot.autoconfigure.orm.jpa.JpaBaseConfiguration$JpaWebConfiguration | spring.jpa.open-in-view is enabled by default. Therefore, database queries may be performed during view rendering. Explicitly configure spring.jpa.open-in-view to disable this warning
2024-06-13T00:58:52.935+02:00 | DEBUG | main | org.springframework.web.servlet.handler.AbstractHandlerMethodMapping | 36 mappings in 'requestMappingHandlerMapping'
2024-06-13T00:58:53.009+02:00 | DEBUG | main | org.springframework.web.servlet.handler.SimpleUrlHandlerMapping | Patterns [/webjars/**, /**] in 'resourceHandlerMapping'
2024-06-13T00:58:53.119+02:00 | INFO | main | org.springframework.boot.actuate.endpoint.web.EndpointLinksResolver | Exposing 15 endpoint(s) beneath base path '/actuator'
2024-06-13T00:58:53.131+02:00 | INFO | main | org.springframework.security.web.DefaultSecurityFilterChain | Will secure any request with [org.springframework.security.web.context.request.async.WebAsyncManagerIntegrationFilter@1254a3cd, org.springframework.security.web.context.SecurityContextPersistenceFilter@35217e0, org.springframework.security.web.header.HeaderWriterFilter@5d56c2d2, org.springframework.web.filter.CorsFilter@88e85a, org.springframework.security.web.authentication.logout.LogoutFilter@47cf922d, org.example.securityproject.auth.TokenAuthenticationFilter@230dd372, org.springframework.security.web.savedrequest.RequestCacheAwareFilter@3c1d6ef0, org.springframework.security.web.servletapi.SecurityContextHolderAwareRequestFilter@3dd27116, org.springframework.security.web.authentication.AnonymousAuthenticationFilter@663cc8c9, org.springframework.security.web.session.SessionManagementFilter@7568134c, org.springframework.security.web.access.ExceptionTranslationFilter@188b9a1e, org.springframework.security.web.access.intercept.FilterSecurityInterceptor@4f836d9]
2024-06-13T00:58:53.133+02:00 | INFO | main | org.springframework.security.web.DefaultSecurityFilterChain | Will secure Ant [pattern='/actuator/**'] with []
2024-06-13T00:58:53.133+02:00 | INFO | main | org.springframework.security.web.DefaultSecurityFilterChain | Will secure Ant [pattern='/loki/**'] with []
2024-06-13T00:58:53.134+02:00 | INFO | main | org.springframework.security.web.DefaultSecurityFilterChain | Will secure Ant [pattern='/loki/api/v1/push', POST] with []
2024-06-13T00:58:53.134+02:00 | INFO | main | org.springframework.security.web.DefaultSecurityFilterChain | Will secure Ant [pattern='/favicon.ico', GET] with []
2024-06-13T00:58:53.134+02:00 | INFO | main | org.springframework.security.web.DefaultSecurityFilterChain | Will secure Ant [pattern='/api/auth/login', POST] with []
2024-06-13T00:58:53.134+02:00 | INFO | main | org.springframework.security.web.DefaultSecurityFilterChain | Will secure Ant [pattern='/api/users/registerUser', POST] with []
2024-06-13T00:58:53.134+02:00 | INFO | main | org.springframework.security.web.DefaultSecurityFilterChain | Will secure Ant [pattern='/api/users/confirm-account', GET] with []
2024-06-13T00:58:53.134+02:00 | INFO | main | org.springframework.security.web.DefaultSecurityFilterChain | Will secure Ant [pattern='/api/users/tryLogin', POST] with []
2024-06-13T00:58:53.134+02:00 | INFO | main | org.springframework.security.web.DefaultSecurityFilterChain | Will secure Ant [pattern='/api/users/updatePassword', PUT] with []
2024-06-13T00:58:53.134+02:00 | INFO | main | org.springframework.security.web.DefaultSecurityFilterChain | Will secure Ant [pattern='/api/users/editUserRole', POST] with []
2024-06-13T00:58:53.134+02:00 | INFO | main | org.springframework.security.web.DefaultSecurityFilterChain | Will secure Ant [pattern='/api/users/editUserPermission', POST] with []
2024-06-13T00:58:53.135+02:00 | INFO | main | org.springframework.security.web.DefaultSecurityFilterChain | Will secure Ant [pattern='/api/login/send-email', POST] with []
2024-06-13T00:58:53.135+02:00 | INFO | main | org.springframework.security.web.DefaultSecurityFilterChain | Will secure Ant [pattern='/api/login/verify', GET] with []
2024-06-13T00:58:53.135+02:00 | INFO | main | org.springframework.security.web.DefaultSecurityFilterChain | Will secure Ant [pattern='/api/login/tokens/**', GET] with []
2024-06-13T00:58:53.135+02:00 | INFO | main | org.springframework.security.web.DefaultSecurityFilterChain | Will secure Ant [pattern='/', GET] with []
2024-06-13T00:58:53.135+02:00 | INFO | main | org.springframework.security.web.DefaultSecurityFilterChain | Will secure Ant [pattern='/webjars/**', GET] with []
2024-06-13T00:58:53.135+02:00 | INFO | main | org.springframework.security.web.DefaultSecurityFilterChain | Will secure Ant [pattern='/*.html', GET] with []
2024-06-13T00:58:53.135+02:00 | INFO | main | org.springframework.security.web.DefaultSecurityFilterChain | Will secure Ant [pattern='favicon.ico', GET] with []
2024-06-13T00:58:53.135+02:00 | INFO | main | org.springframework.security.web.DefaultSecurityFilterChain | Will secure Ant [pattern='/**/*.html', GET] with []
2024-06-13T00:58:53.135+02:00 | INFO | main | org.springframework.security.web.DefaultSecurityFilterChain | Will secure Ant [pattern='/**/*.css', GET] with []
2024-06-13T00:58:53.135+02:00 | INFO | main | org.springframework.security.web.DefaultSecurityFilterChain | Will secure Ant [pattern='/**/*.js', GET] with []
2024-06-13T00:58:53.170+02:00 | DEBUG | main | org.springframework.web.servlet.mvc.method.annotation.RequestMappingHandlerAdapter | ControllerAdvice beans: 0 @ModelAttribute, 0 @InitBinder, 1 RequestBodyAdvice, 1 ResponseBodyAdvice
2024-06-13T00:58:53.195+02:00 | DEBUG | main | org.springframework.web.servlet.mvc.method.annotation.ExceptionHandlerExceptionResolver | ControllerAdvice beans: 0 @ExceptionHandler, 1 ResponseBodyAdvice
2024-06-13T00:58:53.296+02:00 | INFO | main | org.apache.juli.logging.DirectJDKLog | Starting ProtocolHandler ["https-jsse-nio-443"]
2024-06-13T00:58:53.391+02:00 | INFO | main | org.springframework.boot.web.embedded.tomcat.TomcatWebServer | Tomcat started on port(s): 443 (https) with context path ''
2024-06-13T00:59:09.340+02:00 | INFO | https-jsse-nio-443-exec-5 | org.apache.juli.logging.DirectJDKLog | Initializing Spring DispatcherServlet 'dispatcherServlet'
2024-06-13T00:59:09.341+02:00 | INFO | https-jsse-nio-443-exec-5 | org.springframework.web.servlet.FrameworkServlet | Initializing Servlet 'dispatcherServlet'
2024-06-13T00:59:09.341+02:00 | DEBUG | https-jsse-nio-443-exec-5 | org.springframework.web.servlet.DispatcherServlet | Detected StandardServletMultipartResolver
2024-06-13T00:59:09.341+02:00 | DEBUG | https-jsse-nio-443-exec-5 | org.springframework.web.servlet.DispatcherServlet | Detected AcceptHeaderLocaleResolver
2024-06-13T00:59:09.341+02:00 | DEBUG | https-jsse-nio-443-exec-5 | org.springframework.web.servlet.DispatcherServlet | Detected FixedThemeResolver
2024-06-13T00:59:09.342+02:00 | DEBUG | https-jsse-nio-443-exec-5 | org.springframework.web.servlet.DispatcherServlet | Detected org.springframework.web.servlet.view.DefaultRequestToViewNameTranslator@2bd8c8f1
2024-06-13T00:59:09.343+02:00 | DEBUG | https-jsse-nio-443-exec-5 | org.springframework.web.servlet.DispatcherServlet | Detected org.springframework.web.servlet.support.SessionFlashMapManager@78c91d2a
2024-06-13T00:59:09.343+02:00 | DEBUG | https-jsse-nio-443-exec-5 | org.springframework.web.servlet.FrameworkServlet | enableLoggingRequestDetails='false': request parameters and headers will be masked to prevent unsafe logging of potentially sensitive data
2024-06-13T00:59:09.343+02:00 | INFO | https-jsse-nio-443-exec-5 | org.springframework.web.servlet.FrameworkServlet | Completed initialization in 2 ms
2024-06-13T00:59:09.353+02:00 | DEBUG | https-jsse-nio-443-exec-5 | org.springframework.core.log.LogFormatUtils | POST "/api/users/tryLogin", parameters={}
2024-06-13T00:59:09.356+02:00 | DEBUG | https-jsse-nio-443-exec-5 | org.springframework.web.servlet.handler.AbstractHandlerMapping | Mapped to org.example.securityproject.controller.UserController#loginUser(UserLoginData)
2024-06-13T00:59:09.456+02:00 | DEBUG | https-jsse-nio-443-exec-5 | org.springframework.core.log.LogFormatUtils | Read "application/json;charset=UTF-8" to [org.example.securityproject.dto.UserLoginData@40a72fe5]
2024-06-13T00:59:09.615+02:00 | ERROR | https-jsse-nio-443-exec-5 | org.example.securityproject.service.UserService | User login failed: User not found for email kristinazelic0908@gmail.com
2024-06-13T00:59:09.615+02:00 | ERROR | https-jsse-nio-443-exec-5 | org.example.securityproject.service.UserService | User login failed: User not found for email kristinazelic0908@gmail.com
2024-06-13T00:59:09.627+02:00 | DEBUG | https-jsse-nio-443-exec-5 | org.springframework.web.servlet.mvc.method.annotation.AbstractMessageConverterMethodProcessor | Using 'application/json', given [application/json, text/plain, */*] and supported [application/json, application/*+json, application/json, application/*+json]
2024-06-13T00:59:09.628+02:00 | DEBUG | https-jsse-nio-443-exec-5 | org.springframework.web.servlet.mvc.method.annotation.AbstractMessageConverterMethodProcessor | Nothing to write: null body
2024-06-13T00:59:09.629+02:00 | DEBUG | https-jsse-nio-443-exec-5 | org.springframework.web.servlet.FrameworkServlet | Completed 200 OK
2024-06-13T00:59:35.379+02:00 | INFO | SpringApplicationShutdownHook | org.springframework.orm.jpa.AbstractEntityManagerFactoryBean | Closing JPA EntityManagerFactory for persistence unit 'default'
2024-06-13T00:59:35.381+02:00 | INFO | SpringApplicationShutdownHook | com.zaxxer.hikari.HikariDataSource | HikariPool-1 - Shutdown initiated...
2024-06-13T00:59:35.384+02:00 | INFO | SpringApplicationShutdownHook | com.zaxxer.hikari.HikariDataSource | HikariPool-1 - Shutdown completed.
